<?xml version="1.0" encoding="UTF-8"?>
<!-- Generated by org.testng.reporters.JUnitXMLReporter -->
<testsuite hostname="U6064273-TPL-A" ignored="0" name="Test123" tests="3" failures="1" timestamp="26 Jan 2019 15:46:27 GMT" time="9.087" errors="0">
  <testcase name="verifyTitle" time="9.039" classname="com.qa.crossbrowser.CrossBrowserDemo"/>
  <testcase name="intentionalFailed" time="0.0" classname="com.qa.crossbrowser.CrossBrowserDemo">
    <failure type="java.lang.AssertionError" message="expected [true] but found [false]">
      <![CDATA[java.lang.AssertionError: expected [true] but found [false]
at com.qa.crossbrowser.CrossBrowserDemo.intentionalFailed(CrossBrowserDemo.java:51)
... Removed 29 stack frames]]>
    </failure>
  </testcase> <!-- intentionalFailed -->
  <testcase name="intentionalSkipped" time="0.035" classname="com.qa.crossbrowser.CrossBrowserDemo">
    <skipped/>
  </testcase> <!-- intentionalSkipped -->
</testsuite> <!-- Test123 -->
