<?xml version="1.0" encoding="UTF-8"?>
<testng-results skipped="0" failed="0" ignored="0" total="1" passed="1">
  <reporter-output>
  </reporter-output>
  <suite name="Suite" duration-ms="9900" started-at="2019-01-27T10:01:08Z" finished-at="2019-01-27T10:01:18Z">
    <groups>
    </groups>
    <test name="Test" duration-ms="9900" started-at="2019-01-27T10:01:08Z" finished-at="2019-01-27T10:01:18Z">
      <class name="com.qa.datadrivenParameterisation.DPusingParamsXML">
        <test-method status="PASS" signature="setUp()[pri:0, instance:com.qa.datadrivenParameterisation.DPusingParamsXML@29ee9faa]" name="setUp" is-config="true" duration-ms="8525" started-at="2019-01-27T10:01:08Z" finished-at="2019-01-27T10:01:17Z">
          <reporter-output>
          </reporter-output>
        </test-method> <!-- setUp -->
        <test-method status="PASS" signature="runTestCaseWithData(java.lang.String, java.lang.String, java.lang.String, java.lang.String)[pri:0, instance:com.qa.datadrivenParameterisation.DPusingParamsXML@29ee9faa]" name="runTestCaseWithData" duration-ms="500" started-at="2019-01-27T10:01:17Z" finished-at="2019-01-27T10:01:17Z">
          <params>
            <param index="0">
              <value>
                <![CDATA[john]]>
              </value>
            </param>
            <param index="1">
              <value>
                <![CDATA[abraham]]>
              </value>
            </param>
            <param index="2">
              <value>
                <![CDATA[mumbai]]>
              </value>
            </param>
            <param index="3">
              <value>
                <![CDATA[navi mumabai]]>
              </value>
            </param>
          </params>
          <reporter-output>
          </reporter-output>
        </test-method> <!-- runTestCaseWithData -->
        <test-method status="PASS" signature="tearDown()[pri:0, instance:com.qa.datadrivenParameterisation.DPusingParamsXML@29ee9faa]" name="tearDown" is-config="true" duration-ms="847" started-at="2019-01-27T10:01:17Z" finished-at="2019-01-27T10:01:18Z">
          <reporter-output>
          </reporter-output>
        </test-method> <!-- tearDown -->
      </class> <!-- com.qa.datadrivenParameterisation.DPusingParamsXML -->
    </test> <!-- Test -->
  </suite> <!-- Suite -->
</testng-results>
